<?xml version="1.0" encoding="UTF-8"?>
<coverage generated="1753733477321" clover="3.2.0">
  <project timestamp="1753733477321" name="All files">
    <metrics statements="71" coveredstatements="53" conditionals="36" coveredconditionals="10" methods="19" coveredmethods="13" elements="126" coveredelements="76" complexity="0" loc="71" ncloc="71" packages="4" files="4" classes="4"/>
    <package name="config">
      <metrics statements="8" coveredstatements="7" conditionals="3" coveredconditionals="2" methods="0" coveredmethods="0"/>
      <file name="supabase.ts" path="I:\Cafolio\cafolio-api\src\config\supabase.ts">
        <metrics statements="8" coveredstatements="7" conditionals="3" coveredconditionals="2" methods="0" coveredmethods="0"/>
        <line num="1" count="3" type="stmt"/>
        <line num="2" count="3" type="stmt"/>
        <line num="4" count="3" type="stmt"/>
        <line num="6" count="3" type="stmt"/>
        <line num="7" count="3" type="stmt"/>
        <line num="9" count="3" type="cond" truecount="2" falsecount="1"/>
        <line num="10" count="0" type="stmt"/>
        <line num="13" count="3" type="stmt"/>
      </file>
    </package>
    <package name="features.coffee-preparations">
      <metrics statements="19" coveredstatements="16" conditionals="8" coveredconditionals="2" methods="5" coveredmethods="4"/>
      <file name="coffee-preparations.service.ts" path="I:\Cafolio\cafolio-api\src\features\coffee-preparations\coffee-preparations.service.ts">
        <metrics statements="19" coveredstatements="16" conditionals="8" coveredconditionals="2" methods="5" coveredmethods="4"/>
        <line num="1" count="1" type="stmt"/>
        <line num="4" count="1" type="stmt"/>
        <line num="6" count="2" type="stmt"/>
        <line num="20" count="2" type="cond" truecount="1" falsecount="0"/>
        <line num="21" count="2" type="stmt"/>
        <line num="24" count="2" type="stmt"/>
        <line num="25" count="2" type="cond" truecount="0" falsecount="1"/>
        <line num="26" count="2" type="cond" truecount="1" falsecount="1"/>
        <line num="30" count="0" type="stmt"/>
        <line num="45" count="0" type="cond" truecount="0" falsecount="1"/>
        <line num="46" count="0" type="stmt"/>
        <line num="50" count="4" type="stmt"/>
        <line num="56" count="4" type="cond" truecount="0" falsecount="1"/>
        <line num="57" count="4" type="stmt"/>
        <line num="61" count="1" type="stmt"/>
        <line num="69" count="1" type="cond" truecount="0" falsecount="1"/>
        <line num="70" count="1" type="stmt"/>
        <line num="74" count="4" type="stmt"/>
        <line num="80" count="4" type="cond" truecount="0" falsecount="1"/>
      </file>
    </package>
    <package name="features.coffees">
      <metrics statements="28" coveredstatements="22" conditionals="16" coveredconditionals="4" methods="8" coveredmethods="6"/>
      <file name="coffees.service.ts" path="I:\Cafolio\cafolio-api\src\features\coffees\coffees.service.ts">
        <metrics statements="28" coveredstatements="22" conditionals="16" coveredconditionals="4" methods="8" coveredmethods="6"/>
        <line num="1" count="2" type="stmt"/>
        <line num="4" count="2" type="stmt"/>
        <line num="6" count="2" type="stmt"/>
        <line num="19" count="2" type="cond" truecount="0" falsecount="1"/>
        <line num="20" count="0" type="stmt"/>
        <line num="23" count="2" type="stmt"/>
        <line num="24" count="2" type="cond" truecount="0" falsecount="1"/>
        <line num="25" count="2" type="cond" truecount="1" falsecount="1"/>
        <line num="29" count="2" type="stmt"/>
        <line num="43" count="2" type="cond" truecount="1" falsecount="0"/>
        <line num="44" count="1" type="stmt"/>
        <line num="48" count="8" type="stmt"/>
        <line num="50" count="8" type="cond" truecount="0" falsecount="1"/>
        <line num="51" count="8" type="stmt"/>
        <line num="55" count="1" type="stmt"/>
        <line num="63" count="1" type="cond" truecount="0" falsecount="1"/>
        <line num="64" count="1" type="stmt"/>
        <line num="68" count="8" type="stmt"/>
        <line num="70" count="8" type="cond" truecount="0" falsecount="1"/>
        <line num="74" count="1" type="stmt"/>
        <line num="89" count="1" type="cond" truecount="0" falsecount="1"/>
        <line num="92" count="1" type="cond" truecount="1" falsecount="1"/>
        <line num="93" count="0" type="cond" truecount="0" falsecount="2"/>
        <line num="94" count="0" type="cond" truecount="0" falsecount="2"/>
        <line num="95" count="0" type="stmt"/>
        <line num="98" count="0" type="stmt"/>
        <line num="99" count="0" type="stmt"/>
        <line num="102" count="1" type="stmt"/>
      </file>
    </package>
    <package name="features.dictionary">
      <metrics statements="16" coveredstatements="8" conditionals="9" coveredconditionals="2" methods="6" coveredmethods="3"/>
      <file name="dictionary.service.ts" path="I:\Cafolio\cafolio-api\src\features\dictionary\dictionary.service.ts">
        <metrics statements="16" coveredstatements="8" conditionals="9" coveredconditionals="2" methods="6" coveredmethods="3"/>
        <line num="1" count="3" type="stmt"/>
        <line num="8" count="3" type="stmt"/>
        <line num="17" count="17" type="stmt"/>
        <line num="23" count="17" type="cond" truecount="0" falsecount="1"/>
        <line num="24" count="17" type="cond" truecount="1" falsecount="1"/>
        <line num="34" count="1" type="stmt"/>
        <line num="39" count="1" type="cond" truecount="0" falsecount="1"/>
        <line num="40" count="43" type="cond" truecount="1" falsecount="1"/>
        <line num="51" count="0" type="stmt"/>
        <line num="57" count="0" type="cond" truecount="0" falsecount="1"/>
        <line num="58" count="0" type="stmt"/>
        <line num="70" count="0" type="stmt"/>
        <line num="77" count="0" type="cond" truecount="0" falsecount="1"/>
        <line num="78" count="0" type="stmt"/>
        <line num="89" count="0" type="stmt"/>
        <line num="94" count="0" type="cond" truecount="0" falsecount="1"/>
      </file>
    </package>
  </project>
</coverage>
