TN:
SF:src\config\supabase.ts
FNF:0
FNH:0
DA:1,3
DA:2,3
DA:4,3
DA:6,3
DA:7,3
DA:9,3
DA:10,0
DA:13,3
LF:8
LH:7
BRDA:9,0,0,0
BRDA:9,1,0,3
BRDA:9,1,1,3
BRF:3
BRH:2
end_of_record
TN:
SF:src\features\coffee-preparations\coffee-preparations.service.ts
FN:5,(anonymous_0)
FN:29,(anonymous_1)
FN:49,(anonymous_2)
FN:60,(anonymous_3)
FN:73,(anonymous_4)
FNF:5
FNH:4
FNDA:2,(anonymous_0)
FNDA:0,(anonymous_1)
FNDA:4,(anonymous_2)
FNDA:1,(anonymous_3)
FNDA:4,(anonymous_4)
DA:1,1
DA:4,1
DA:6,2
DA:20,2
DA:21,2
DA:24,2
DA:25,2
DA:26,2
DA:30,0
DA:45,0
DA:46,0
DA:50,4
DA:56,4
DA:57,4
DA:61,1
DA:69,1
DA:70,1
DA:74,4
DA:80,4
LF:19
LH:16
BRDA:20,0,0,2
BRDA:25,1,0,0
BRDA:26,2,0,2
BRDA:26,2,1,0
BRDA:45,3,0,0
BRDA:56,4,0,0
BRDA:69,5,0,0
BRDA:80,6,0,0
BRF:8
BRH:2
end_of_record
TN:
SF:src\features\coffees\coffees.service.ts
FN:5,(anonymous_0)
FN:28,(anonymous_1)
FN:47,(anonymous_2)
FN:54,(anonymous_3)
FN:67,(anonymous_4)
FN:73,(anonymous_5)
FN:92,(anonymous_6)
FN:95,(anonymous_7)
FNF:8
FNH:6
FNDA:2,(anonymous_0)
FNDA:2,(anonymous_1)
FNDA:8,(anonymous_2)
FNDA:1,(anonymous_3)
FNDA:8,(anonymous_4)
FNDA:1,(anonymous_5)
FNDA:0,(anonymous_6)
FNDA:0,(anonymous_7)
DA:1,2
DA:4,2
DA:6,2
DA:19,2
DA:20,0
DA:23,2
DA:24,2
DA:25,2
DA:29,2
DA:43,2
DA:44,1
DA:48,8
DA:50,8
DA:51,8
DA:55,1
DA:63,1
DA:64,1
DA:68,8
DA:70,8
DA:74,1
DA:89,1
DA:92,1
DA:93,0
DA:94,0
DA:95,0
DA:98,0
DA:99,0
DA:102,1
LF:28
LH:22
BRDA:19,0,0,0
BRDA:24,1,0,0
BRDA:25,2,0,2
BRDA:25,2,1,0
BRDA:43,3,0,1
BRDA:50,4,0,0
BRDA:63,5,0,0
BRDA:70,6,0,0
BRDA:73,7,0,1
BRDA:89,8,0,0
BRDA:92,9,0,1
BRDA:92,9,1,0
BRDA:93,10,0,0
BRDA:93,10,1,0
BRDA:94,11,0,0
BRDA:94,11,1,0
BRF:16
BRH:4
end_of_record
TN:
SF:src\features\dictionary\dictionary.service.ts
FN:16,(anonymous_0)
FN:33,(anonymous_1)
FN:40,(anonymous_2)
FN:50,(anonymous_3)
FN:69,(anonymous_4)
FN:88,(anonymous_5)
FNF:6
FNH:3
FNDA:17,(anonymous_0)
FNDA:1,(anonymous_1)
FNDA:43,(anonymous_2)
FNDA:0,(anonymous_3)
FNDA:0,(anonymous_4)
FNDA:0,(anonymous_5)
DA:1,3
DA:8,3
DA:17,17
DA:23,17
DA:24,17
DA:34,1
DA:39,1
DA:40,43
DA:51,0
DA:57,0
DA:58,0
DA:70,0
DA:77,0
DA:78,0
DA:89,0
DA:94,0
LF:16
LH:8
BRDA:23,0,0,0
BRDA:24,1,0,17
BRDA:24,1,1,0
BRDA:39,2,0,0
BRDA:40,3,0,1
BRDA:40,3,1,0
BRDA:57,4,0,0
BRDA:77,5,0,0
BRDA:94,6,0,0
BRF:9
BRH:2
end_of_record
